========================================
 J2026VaultBot is now running
========================================
Bot: @J2026VaultBot
Mini App: https://jawhwf.github.io/J2026VAULT/
Assets: /Users/j2025/Desktop/J2026VaultBot/bot/assets
  welcome: OK — welcome.png
  premium: OK — membership.png
  help: OK — help.png
  menu: OK — menu.png
Loaded: /Users/j2025/Desktop/J2026VaultBot/bot/main.py
Polling for updates...
Press Ctrl+C to stop.

========================================
 J2026VaultBot is now running
========================================
Bot: @J2026VaultBot
Mini App: https://jawhwf.github.io/J2026VAULT/
Assets: /Users/j2025/Desktop/J2026VaultBot/bot/assets
  welcome: OK — welcome.png
  premium: OK — membership.png
  help: OK — help.png
  menu: OK — menu.png
Loaded: /Users/j2025/Desktop/J2026VaultBot/bot/main.py
Polling for updates...
Press Ctrl+C to stop.

========================================
 J2026VaultBot is now running
========================================
Bot: @J2026VaultBot
Mini App: https://jawhwf.github.io/J2026VAULT/
Assets: /Users/j2025/Desktop/J2026VaultBot/bot/assets
  welcome: OK — welcome.png
  premium: OK — membership.png
  help: OK — help.png
  menu: OK — menu.png
Loaded: /Users/j2025/Desktop/J2026VaultBot/bot/main.py
Polling for updates...
Press Ctrl+C to stop.

========================================
 J2026VaultBot is now running
========================================
Bot: @J2026VaultBot
Mini App: https://jawhwf.github.io/J2026VAULT/
Assets: /Users/j2025/Desktop/J2026VaultBot/bot/assets
  welcome: OK — welcome.png
  premium: OK — membership.png
  help: OK — help.png
  menu: OK — menu.png
Loaded: /Users/j2025/Desktop/J2026VaultBot/bot/main.py
Polling for updates...
Press Ctrl+C to stop.

========================================
 J2026VaultBot is now running
========================================
Bot: @J2026VaultBot
Mini App: https://jawhwf.github.io/J2026VAULT/
Assets: /Users/j2025/Desktop/J2026VaultBot/bot/assets
  welcome: OK — welcome.png
  premium: OK — membership.png
  help: OK — help.png
  menu: OK — menu.png
Loaded: /Users/j2025/Desktop/J2026VaultBot/bot/main.py
Polling for updates...
Press Ctrl+C to stop.

========================================
 J2026VaultBot is now running
========================================
Bot: @J2026VaultBot
Mini App: https://jawhwf.github.io/J2026VAULT/
Assets: /Users/j2025/Desktop/J2026VaultBot/bot/assets
  welcome: OK — welcome.png
  premium: OK — membership.png
  help: OK — help.png
  menu: OK — menu.png
Loaded: /Users/j2025/Desktop/J2026VaultBot/bot/main.py
Polling for updates...
Press Ctrl+C to stop.

========================================
 J2026VaultBot is now running
========================================
Bot: @J2026VaultBot
Mini App: https://jawhwf.github.io/J2026VAULT/
Assets: /Users/j2025/Desktop/J2026VaultBot/bot/assets
  welcome: OK — welcome.png
  premium: OK — membership.png
  help: OK — help.png
  menu: OK — menu.png
Loaded: /Users/j2025/Desktop/J2026VaultBot/bot/main.py
Polling for updates...
Press Ctrl+C to stop.

